#
# A fatal error has been detected by the Java Runtime Environment:
#
#  EXCEPTION_ACCESS_VIOLATION (0xc0000005) at pc=0x0000000180003a90, pid=27132, tid=26984
#
# JRE version: Java(TM) SE Runtime Environment (7.0_79-b15) (build 1.7.0_79-b15)
# Java VM: Java HotSpot(TM) 64-Bit Server VM (24.79-b02 mixed mode windows-amd64 compressed oops)
# Problematic frame:
# C  0x0000000180003a90
#
# Failed to write core dump. Minidumps are not enabled by default on client versions of Windows
#
# If you would like to submit a bug report, please visit:
#   http://bugreport.java.com/bugreport/crash.jsp
# The crash happened outside the Java Virtual Machine in native code.
# See problematic frame for where to report the bug.
#

---------------  T H R E A D  ---------------

Current thread (0x000000000aec6000):  JavaThread "Finalizer" daemon [_thread_in_native, id=26984, stack(0x000000000c380000,0x000000000c480000)]

siginfo: ExceptionCode=0xc0000005, ExceptionInformation=0x0000000000000008 0x0000000180003a90

Registers:
RAX=0x0000000180003a90, RBX=0x000000077cf509a0, RCX=0x000000000aec61e8, RDX=0x000000000c47f500
RSP=0x000000000c47f478, RBP=0x000000000c47f4f0, RSI=0x00000000ef968939, RDI=0x0000000002cb60f8
R8 =0x000000000e0785f0, R9 =0x00000007f01500a0, R10=0x0000000002cc3124, R11=0x0000000054e34050
R12=0x0000000000000000, R13=0x000000077cf509a0, R14=0x000000000c47f518, R15=0x000000000aec6000
RIP=0x0000000180003a90, EFLAGS=0x0000000000010202

Top of Stack: (sp=0x000000000c47f478)
0x000000000c47f478:   0000000002cc3150 000000000aec6000
0x000000000c47f488:   0000000000006b7c 00000000027e4f00
0x000000000c47f498:   0000000200000001 0000000000000002
0x000000000c47f4a8:   0000000000000000 000000000c47f4b0
0x000000000c47f4b8:   0000000000000000 000000000c47f518
0x000000000c47f4c8:   000000077cf72a88 0000000000000000
0x000000000c47f4d8:   000000077cf509a0 0000000000000000
0x000000000c47f4e8:   000000000c47f510 000000000c47f560
0x000000000c47f4f8:   0000000002cb60f8 0000000783152438
0x000000000c47f508:   0000000002cbf0d8 000000000e0785f0
0x000000000c47f518:   0000000000000000 000000000c47f520
0x000000000c47f528:   000000077d0263d9 000000000c47f578
0x000000000c47f538:   000000077d042fe0 0000000000000000
0x000000000c47f548:   000000077d0263f8 000000000c47f510
0x000000000c47f558:   000000000c47f570 000000000c47f5d0
0x000000000c47f568:   0000000002cb60f8 000000000e0785f0 

Instructions: (pc=0x0000000180003a90)
0x0000000180003a70:   
[error occurred during error reporting (printing registers, top of stack, instructions near pc), id 0xc0000005]

Register to memory mapping:

RAX=0x0000000180003a90 is an unknown value
RBX=0x000000077cf509a0 is an oop
{method} 
 - klass: {other class}
RCX=0x000000000aec61e8 is an unknown value
RDX=0x000000000c47f500 is pointing into the stack for thread: 0x000000000aec6000
RSP=0x000000000c47f478 is pointing into the stack for thread: 0x000000000aec6000
RBP=0x000000000c47f4f0 is pointing into the stack for thread: 0x000000000aec6000
RSI=0x00000000ef968939 is an unknown value
RDI=0x0000000002cb60f8 is at code_begin+2520 in an Interpreter codelet
return entry points  [0x0000000002cb5720, 0x0000000002cb7520]  7680 bytes
R8 =0x000000000e0785f0 is an unknown value
R9 =0x00000007f01500a0 is an oop
com.sun.jna.Memory 
 - klass: 'com/sun/jna/Memory'
R10=0x0000000002cc3124 is at code_begin+644 in an Interpreter codelet
method entry point (kind = native)  [0x0000000002cc2ea0, 0x0000000002cc3740]  2208 bytes
R11=0x0000000054e34050 is an unknown value
R12=0x0000000000000000 is an unknown value
R13=0x000000077cf509a0 is an oop
{method} 
 - klass: {other class}
R14=0x000000000c47f518 is pointing into the stack for thread: 0x000000000aec6000
R15=0x000000000aec6000 is a thread


Stack: [0x000000000c380000,0x000000000c480000],  sp=0x000000000c47f478,  free space=1021k
Native frames: (J=compiled Java code, j=interpreted, Vv=VM code, C=native code)
C  0x0000000180003a90
j  com.sun.jna.Memory.free(J)V+1
j  com.sun.jna.Memory.dispose()V+4
j  com.sun.jna.Memory.finalize()V+1
j  java.lang.System$2.invokeFinalize(Ljava/lang/Object;)V+1
j  java.lang.ref.Finalizer.runFinalizer(Lsun/misc/JavaLangAccess;)V+46
j  java.lang.ref.Finalizer.access$100(Ljava/lang/ref/Finalizer;Lsun/misc/JavaLangAccess;)V+2
j  java.lang.ref.Finalizer$FinalizerThread.run()V+45
v  ~StubRoutines::call_stub
V  [jvm.dll+0x1cf7f3]

Java frames: (J=compiled Java code, j=interpreted, Vv=VM code)
j  com.sun.jna.Native.free(J)V+0
j  com.sun.jna.Memory.free(J)V+1
j  com.sun.jna.Memory.dispose()V+4
j  com.sun.jna.Memory.finalize()V+1
j  java.lang.System$2.invokeFinalize(Ljava/lang/Object;)V+1
j  java.lang.ref.Finalizer.runFinalizer(Lsun/misc/JavaLangAccess;)V+46
j  java.lang.ref.Finalizer.access$100(Ljava/lang/ref/Finalizer;Lsun/misc/JavaLangAccess;)V+2
j  java.lang.ref.Finalizer$FinalizerThread.run()V+45
v  ~StubRoutines::call_stub

---------------  P R O C E S S  ---------------

Java Threads: ( => current thread )
  0x000000000dd2d800 JavaThread "Thread-0" daemon [_thread_in_native, id=21568, stack(0x00000000130f0000,0x00000000131f0000)]
  0x000000000dd2a800 JavaThread "Image Fetcher 0" daemon [_thread_blocked, id=23256, stack(0x000000000ea20000,0x000000000eb20000)]
  0x000000000dd2b000 JavaThread "TimerQueue" daemon [_thread_blocked, id=21828, stack(0x0000000011d10000,0x0000000011e10000)]
  0x000000000d801800 JavaThread "Abandoned connection cleanup thread" daemon [_thread_blocked, id=24056, stack(0x000000000e3d0000,0x000000000e4d0000)]
  0x00000000027c8800 JavaThread "DestroyJavaVM" [_thread_blocked, id=26904, stack(0x0000000002bb0000,0x0000000002cb0000)]
  0x000000000c848000 JavaThread "AWT-EventQueue-0" [_thread_blocked, id=27504, stack(0x000000000d670000,0x000000000d770000)]
  0x000000000c846800 JavaThread "AWT-Shutdown" [_thread_blocked, id=27524, stack(0x000000000d160000,0x000000000d260000)]
  0x000000000c897000 JavaThread "Java2D Disposer" daemon [_thread_blocked, id=25916, stack(0x000000000cff0000,0x000000000d0f0000)]
  0x000000000c757800 JavaThread "Service Thread" daemon [_thread_blocked, id=25692, stack(0x000000000cea0000,0x000000000cfa0000)]
  0x000000000c756800 JavaThread "C2 CompilerThread1" daemon [_thread_blocked, id=24848, stack(0x000000000cd70000,0x000000000ce70000)]
  0x000000000af24800 JavaThread "C2 CompilerThread0" daemon [_thread_blocked, id=26088, stack(0x000000000cc10000,0x000000000cd10000)]
  0x000000000af21000 JavaThread "Attach Listener" daemon [_thread_blocked, id=26684, stack(0x000000000c640000,0x000000000c740000)]
  0x000000000af3b000 JavaThread "Signal Dispatcher" daemon [_thread_blocked, id=26808, stack(0x000000000c4f0000,0x000000000c5f0000)]
=>0x000000000aec6000 JavaThread "Finalizer" daemon [_thread_in_native, id=26984, stack(0x000000000c380000,0x000000000c480000)]
  0x000000000aebf000 JavaThread "Reference Handler" daemon [_thread_blocked, id=27516, stack(0x000000000c220000,0x000000000c320000)]

Other Threads:
  0x000000000aebb800 VMThread [stack: 0x000000000c0f0000,0x000000000c1f0000] [id=27472]
  0x000000000c769000 WatcherThread [stack: 0x000000000bf60000,0x000000000c060000] [id=26508]

VM state:not at safepoint (normal execution)

VM Mutex/Monitor currently owned by a thread: None

Heap
 PSYoungGen      total 344576K, used 64611K [0x00000007d5e80000, 0x00000007f6580000, 0x0000000800000000)
  eden space 182272K, 2% used [0x00000007d5e80000,0x00000007d6340c78,0x00000007e1080000)
  from space 162304K, 36% used [0x00000007ec700000,0x00000007f0158020,0x00000007f6580000)
  to   space 174592K, 0% used [0x00000007e1080000,0x00000007e1080000,0x00000007ebb00000)
 ParOldGen       total 443392K, used 336371K [0x0000000781c00000, 0x000000079cd00000, 0x00000007d5e80000)
  object space 443392K, 75% used [0x0000000781c00000,0x000000079647cd38,0x000000079cd00000)
 PSPermGen       total 49664K, used 23678K [0x000000077ca00000, 0x000000077fa80000, 0x0000000781c00000)
  object space 49664K, 47% used [0x000000077ca00000,0x000000077e11f988,0x000000077fa80000)

Card table byte_map: [0x0000000005cb0000,0x00000000060d0000] byte_map_base: 0x00000000020cb000

Polling page: 0x0000000000150000

Code Cache  [0x0000000002cb0000, 0x0000000002f90000, 0x0000000005cb0000)
 total_blobs=1543 nmethods=1007 adapters=487 free_code_cache=46277Kb largest_free_block=47333888

Compilation events (10 events):
Event: 41.074 Thread 0x000000000af24800 1045   !         java.awt.Container::getComponent (42 bytes)
Event: 41.078 Thread 0x000000000af24800 nmethod 1045 0x0000000002f85210 code [0x0000000002f85360, 0x0000000002f85498]
Event: 41.119 Thread 0x000000000c756800 1046             javax.swing.SwingUtilities::getWindowAncestor (31 bytes)
Event: 41.120 Thread 0x000000000c756800 nmethod 1046 0x0000000002f62290 code [0x0000000002f623e0, 0x0000000002f624b8]
Event: 41.133 Thread 0x000000000af24800 1047             sun.font.FontUtilities::isComplexText (38 bytes)
Event: 41.136 Thread 0x000000000af24800 nmethod 1047 0x0000000002f61f50 code [0x0000000002f62080, 0x0000000002f621f8]
Event: 42.502 Thread 0x000000000c756800 1048             sun.awt.image.PNGImageDecoder::update_crc (41 bytes)
Event: 42.513 Thread 0x000000000c756800 nmethod 1048 0x0000000002f865d0 code [0x0000000002f86720, 0x0000000002f86a78]
Event: 42.516 Thread 0x000000000af24800 1049   !         javax.swing.RepaintManager::addDirtyRegion0 (205 bytes)
Event: 42.520 Thread 0x000000000af24800 nmethod 1049 0x0000000002f85d10 code [0x0000000002f85e80, 0x0000000002f862a8]

GC Heap History (10 events):
Event: 21.239 GC heap before
{Heap before GC invocations=17 (full 3):
 PSYoungGen      total 308736K, used 174022K [0x00000007d5e80000, 0x00000007f7480000, 0x0000000800000000)
  eden space 92160K, 100% used [0x00000007d5e80000,0x00000007db880000,0x00000007db880000)
  from space 216576K, 37% used [0x00000007db880000,0x00000007e0871b60,0x00000007e8c00000)
  to   space 210944K, 0% used [0x00000007ea680000,0x00000007ea680000,0x00000007f7480000)
 ParOldGen       total 443392K, used 261963K [0x0000000781c00000, 0x000000079cd00000, 0x00000007d5e80000)
  object space 443392K, 59% used [0x0000000781c00000,0x0000000791bd2d28,0x000000079cd00000)
 PSPermGen       total 49664K, used 23257K [0x000000077ca00000, 0x000000077fa80000, 0x0000000781c00000)
  object space 49664K, 46% used [0x000000077ca00000,0x000000077e0b6738,0x000000077fa80000)
Event: 21.421 GC heap after
Heap after GC invocations=17 (full 3):
 PSYoungGen      total 318464K, used 40000K [0x00000007d5e80000, 0x00000007f6800000, 0x0000000800000000)
  eden space 120320K, 0% used [0x00000007d5e80000,0x00000007d5e80000,0x00000007dd400000)
  from space 198144K, 20% used [0x00000007ea680000,0x00000007ecd90020,0x00000007f6800000)
  to   space 206848K, 0% used [0x00000007dd400000,0x00000007dd400000,0x00000007e9e00000)
 ParOldGen       total 443392K, used 316123K [0x0000000781c00000, 0x000000079cd00000, 0x00000007d5e80000)
  object space 443392K, 71% used [0x0000000781c00000,0x00000007950b6d28,0x000000079cd00000)
 PSPermGen       total 49664K, used 23257K [0x000000077ca00000, 0x000000077fa80000, 0x0000000781c00000)
  object space 49664K, 46% used [0x000000077ca00000,0x000000077e0b6738,0x000000077fa80000)
}
Event: 21.580 GC heap before
{Heap before GC invocations=18 (full 3):
 PSYoungGen      total 318464K, used 160320K [0x00000007d5e80000, 0x00000007f6800000, 0x0000000800000000)
  eden space 120320K, 100% used [0x00000007d5e80000,0x00000007dd400000,0x00000007dd400000)
  from space 198144K, 20% used [0x00000007ea680000,0x00000007ecd90020,0x00000007f6800000)
  to   space 206848K, 0% used [0x00000007dd400000,0x00000007dd400000,0x00000007e9e00000)
 ParOldGen       total 443392K, used 316123K [0x0000000781c00000, 0x000000079cd00000, 0x00000007d5e80000)
  object space 443392K, 71% used [0x0000000781c00000,0x00000007950b6d28,0x000000079cd00000)
 PSPermGen       total 49664K, used 23257K [0x000000077ca00000, 0x000000077fa80000, 0x0000000781c00000)
  object space 49664K, 46% used [0x000000077ca00000,0x000000077e0b6738,0x000000077fa80000)
Event: 21.660 GC heap after
Heap after GC invocations=18 (full 3):
 PSYoungGen      total 327168K, used 47824K [0x00000007d5e80000, 0x00000007f7f00000, 0x0000000800000000)
  eden space 120320K, 0% used [0x00000007d5e80000,0x00000007d5e80000,0x00000007dd400000)
  from space 206848K, 23% used [0x00000007dd400000,0x00000007e02b4010,0x00000007e9e00000)
  to   space 200192K, 0% used [0x00000007ebb80000,0x00000007ebb80000,0x00000007f7f00000)
 ParOldGen       total 443392K, used 323907K [0x0000000781c00000, 0x000000079cd00000, 0x00000007d5e80000)
  object space 443392K, 73% used [0x0000000781c00000,0x0000000795850d38,0x000000079cd00000)
 PSPermGen       total 49664K, used 23257K [0x000000077ca00000, 0x000000077fa80000, 0x0000000781c00000)
  object space 49664K, 46% used [0x000000077ca00000,0x000000077e0b6738,0x000000077fa80000)
}
Event: 21.825 GC heap before
{Heap before GC invocations=19 (full 3):
 PSYoungGen      total 327168K, used 168144K [0x00000007d5e80000, 0x00000007f7f00000, 0x0000000800000000)
  eden space 120320K, 100% used [0x00000007d5e80000,0x00000007dd400000,0x00000007dd400000)
  from space 206848K, 23% used [0x00000007dd400000,0x00000007e02b4010,0x00000007e9e00000)
  to   space 200192K, 0% used [0x00000007ebb80000,0x00000007ebb80000,0x00000007f7f00000)
 ParOldGen       total 443392K, used 323907K [0x0000000781c00000, 0x000000079cd00000, 0x00000007d5e80000)
  object space 443392K, 73% used [0x0000000781c00000,0x0000000795850d38,0x000000079cd00000)
 PSPermGen       total 49664K, used 23257K [0x000000077ca00000, 0x000000077fa80000, 0x0000000781c00000)
  object space 49664K, 46% used [0x000000077ca00000,0x000000077e0b6738,0x000000077fa80000)
Event: 21.938 GC heap after
Heap after GC invocations=19 (full 3):
 PSYoungGen      total 340992K, used 57552K [0x00000007d5e80000, 0x00000007f6e80000, 0x0000000800000000)
  eden space 157696K, 0% used [0x00000007d5e80000,0x00000007d5e80000,0x00000007df880000)
  from space 183296K, 31% used [0x00000007ebb80000,0x00000007ef3b4010,0x00000007f6e80000)
  to   space 191488K, 0% used [0x00000007df880000,0x00000007df880000,0x00000007eb380000)
 ParOldGen       total 443392K, used 329787K [0x0000000781c00000, 0x000000079cd00000, 0x00000007d5e80000)
  object space 443392K, 74% used [0x0000000781c00000,0x0000000795e0ed38,0x000000079cd00000)
 PSPermGen       total 49664K, used 23257K [0x000000077ca00000, 0x000000077fa80000, 0x0000000781c00000)
  object space 49664K, 46% used [0x000000077ca00000,0x000000077e0b6738,0x000000077fa80000)
}
Event: 26.030 GC heap before
{Heap before GC invocations=20 (full 3):
 PSYoungGen      total 340992K, used 215248K [0x00000007d5e80000, 0x00000007f6e80000, 0x0000000800000000)
  eden space 157696K, 100% used [0x00000007d5e80000,0x00000007df880000,0x00000007df880000)
  from space 183296K, 31% used [0x00000007ebb80000,0x00000007ef3b4010,0x00000007f6e80000)
  to   space 191488K, 0% used [0x00000007df880000,0x00000007df880000,0x00000007eb380000)
 ParOldGen       total 443392K, used 329787K [0x0000000781c00000, 0x000000079cd00000, 0x00000007d5e80000)
  object space 443392K, 74% used [0x0000000781c00000,0x0000000795e0ed38,0x000000079cd00000)
 PSPermGen       total 49664K, used 23383K [0x000000077ca00000, 0x000000077fa80000, 0x0000000781c00000)
  object space 49664K, 47% used [0x000000077ca00000,0x000000077e0d5e88,0x000000077fa80000)
Event: 26.152 GC heap after
Heap after GC invocations=20 (full 3):
 PSYoungGen      total 349184K, used 60400K [0x00000007d5e80000, 0x00000007f7980000, 0x0000000800000000)
  eden space 157696K, 0% used [0x00000007d5e80000,0x00000007d5e80000,0x00000007df880000)
  from space 191488K, 31% used [0x00000007df880000,0x00000007e337c030,0x00000007eb380000)
  to   space 182784K, 0% used [0x00000007ec700000,0x00000007ec700000,0x00000007f7980000)
 ParOldGen       total 443392K, used 336371K [0x0000000781c00000, 0x000000079cd00000, 0x00000007d5e80000)
  object space 443392K, 75% used [0x0000000781c00000,0x000000079647cd38,0x000000079cd00000)
 PSPermGen       total 49664K, used 23383K [0x000000077ca00000, 0x000000077fa80000, 0x0000000781c00000)
  object space 49664K, 47% used [0x000000077ca00000,0x000000077e0d5e88,0x000000077fa80000)
}
Event: 43.428 GC heap before
{Heap before GC invocations=21 (full 3):
 PSYoungGen      total 349184K, used 218096K [0x00000007d5e80000, 0x00000007f7980000, 0x0000000800000000)
  eden space 157696K, 100% used [0x00000007d5e80000,0x00000007df880000,0x00000007df880000)
  from space 191488K, 31% used [0x00000007df880000,0x00000007e337c030,0x00000007eb380000)
  to   space 182784K, 0% used [0x00000007ec700000,0x00000007ec700000,0x00000007f7980000)
 ParOldGen       total 443392K, used 336371K [0x0000000781c00000, 0x000000079cd00000, 0x00000007d5e80000)
  object space 443392K, 75% used [0x0000000781c00000,0x000000079647cd38,0x000000079cd00000)
 PSPermGen       total 49664K, used 23676K [0x000000077ca00000, 0x000000077fa80000, 0x0000000781c00000)
  object space 49664K, 47% used [0x000000077ca00000,0x000000077e11f1a8,0x000000077fa80000)
Event: 43.547 GC heap after
Heap after GC invocations=21 (full 3):
 PSYoungGen      total 344576K, used 59744K [0x00000007d5e80000, 0x00000007f6580000, 0x0000000800000000)
  eden space 182272K, 0% used [0x00000007d5e80000,0x00000007d5e80000,0x00000007e1080000)
  from space 162304K, 36% used [0x00000007ec700000,0x00000007f0158020,0x00000007f6580000)
  to   space 174592K, 0% used [0x00000007e1080000,0x00000007e1080000,0x00000007ebb00000)
 ParOldGen       total 443392K, used 336371K [0x0000000781c00000, 0x000000079cd00000, 0x00000007d5e80000)
  object space 443392K, 75% used [0x0000000781c00000,0x000000079647cd38,0x000000079cd00000)
 PSPermGen       total 49664K, used 23676K [0x000000077ca00000, 0x000000077fa80000, 0x0000000781c00000)
  object space 49664K, 47% used [0x000000077ca00000,0x000000077e11f1a8,0x000000077fa80000)
}

Deoptimization events (10 events):
Event: 43.422 Thread 0x000000000c848000 Uncommon trap: reason=class_check action=maybe_recompile pc=0x0000000002dea308 method=java.lang.ThreadLocal$ThreadLocalMap.set(Ljava/lang/ThreadLocal;Ljava/lang/Object;)V @ 36
Event: 43.422 Thread 0x000000000c848000 Uncommon trap: reason=class_check action=maybe_recompile pc=0x0000000002de9550 method=java.lang.ThreadLocal.set(Ljava/lang/Object;)V @ 6
Event: 43.422 Thread 0x000000000c848000 Uncommon trap: reason=class_check action=maybe_recompile pc=0x0000000002dea308 method=java.lang.ThreadLocal$ThreadLocalMap.set(Ljava/lang/ThreadLocal;Ljava/lang/Object;)V @ 36
Event: 43.422 Thread 0x000000000c848000 Uncommon trap: reason=class_check action=maybe_recompile pc=0x0000000002de9550 method=java.lang.ThreadLocal.set(Ljava/lang/Object;)V @ 6
Event: 43.422 Thread 0x000000000c848000 Uncommon trap: reason=class_check action=maybe_recompile pc=0x0000000002dea308 method=java.lang.ThreadLocal$ThreadLocalMap.set(Ljava/lang/ThreadLocal;Ljava/lang/Object;)V @ 36
Event: 43.423 Thread 0x000000000c848000 Uncommon trap: reason=class_check action=maybe_recompile pc=0x0000000002de9550 method=java.lang.ThreadLocal.set(Ljava/lang/Object;)V @ 6
Event: 43.423 Thread 0x000000000c848000 Uncommon trap: reason=class_check action=maybe_recompile pc=0x0000000002dea308 method=java.lang.ThreadLocal$ThreadLocalMap.set(Ljava/lang/ThreadLocal;Ljava/lang/Object;)V @ 36
Event: 43.423 Thread 0x000000000c848000 Uncommon trap: reason=class_check action=maybe_recompile pc=0x0000000002db5d9c method=java.nio.charset.CharsetEncoder.onMalformedInput(Ljava/nio/charset/CodingErrorAction;)Ljava/nio/charset/CharsetEncoder; @ 21
Event: 43.423 Thread 0x000000000c848000 Uncommon trap: reason=class_check action=maybe_recompile pc=0x0000000002df379c method=java.nio.charset.CharsetEncoder.onUnmappableCharacter(Ljava/nio/charset/CodingErrorAction;)Ljava/nio/charset/CharsetEncoder; @ 21
Event: 43.423 Thread 0x000000000c848000 Uncommon trap: reason=class_check action=maybe_recompile pc=0x0000000002de43ec method=java.nio.charset.CharsetEncoder.flush(Ljava/nio/ByteBuffer;)Ljava/nio/charset/CoderResult; @ 10

Internal exceptions (10 events):
Event: 42.495 Thread 0x000000000c848000 Implicit null exception at 0x0000000002f398d9 to 0x0000000002f39a69
Event: 42.505 Thread 0x000000000c848000 Implicit null exception at 0x0000000002f7521d to 0x0000000002f75815
Event: 42.505 Thread 0x000000000c848000 Implicit null exception at 0x0000000002f5f15d to 0x0000000002f5f2f5
Event: 42.514 Thread 0x000000000c848000 Implicit null exception at 0x0000000002f7cacf to 0x0000000002f7cb79
Event: 42.527 Thread 0x000000000c848000 Implicit null exception at 0x0000000002f442a7 to 0x0000000002f4437d
Event: 42.539 Thread 0x000000000c848000 Implicit null exception at 0x0000000002f85f78 to 0x0000000002f8626c
Event: 42.539 Thread 0x000000000c848000 Implicit null exception at 0x0000000002f839d7 to 0x0000000002f83e21
Event: 42.540 Thread 0x000000000c848000 Implicit null exception at 0x0000000002f6d648 to 0x0000000002f6d9a5
Event: 42.540 Thread 0x000000000c848000 Implicit null exception at 0x0000000002f76707 to 0x0000000002f7754d
Event: 42.543 Thread 0x000000000c848000 Implicit null exception at 0x0000000002f850a7 to 0x0000000002f850f5

Events (10 events):
Event: 43.424 Thread 0x000000000dd2d800 Thread added: 0x000000000dd2d800
Event: 43.424 Thread 0x000000000dd2e000 Thread added: 0x000000000dd2e000
Event: 43.427 Thread 0x000000000dd2c000 Thread exited: 0x000000000dd2c000
Event: 43.427 Thread 0x000000000dd2c800 Thread exited: 0x000000000dd2c800
Event: 43.428 Executing VM operation: ParallelGCFailedAllocation
Event: 43.547 Executing VM operation: ParallelGCFailedAllocation done
Event: 43.547 loading class 0x000000000df2ee10
Event: 43.548 loading class 0x000000000df2ee10 done
Event: 43.548 Thread 0x000000000dd2e000 Thread exited: 0x000000000dd2e000
Event: 43.548 Thread 0x000000000dd5d800 Thread exited: 0x000000000dd5d800


Dynamic libraries:
0x000000013f340000 - 0x000000013f373000 	C:\Program Files\Java\jre7\bin\javaw.exe
0x0000000077370000 - 0x0000000077519000 	C:\windows\SYSTEM32\ntdll.dll
0x0000000077250000 - 0x0000000077370000 	C:\windows\system32\kernel32.dll
0x000007fefd340000 - 0x000007fefd3ab000 	C:\windows\system32\KERNELBASE.dll
0x0000000074e20000 - 0x0000000074ea7000 	C:\windows\System32\SYSFER.DLL
0x000007fefee30000 - 0x000007fefef0b000 	C:\windows\system32\ADVAPI32.dll
0x000007fefe360000 - 0x000007fefe3ff000 	C:\windows\system32\msvcrt.dll
0x000007fefe940000 - 0x000007fefe95f000 	C:\windows\SYSTEM32\sechost.dll
0x000007fefef10000 - 0x000007feff03d000 	C:\windows\system32\RPCRT4.dll
0x0000000077150000 - 0x000000007724a000 	C:\windows\system32\USER32.dll
0x000007fefecf0000 - 0x000007fefed57000 	C:\windows\system32\GDI32.dll
0x000007fefe860000 - 0x000007fefe86e000 	C:\windows\system32\LPK.dll
0x000007fefe960000 - 0x000007fefea29000 	C:\windows\system32\USP10.dll
0x000007fefb5f0000 - 0x000007fefb7e4000 	C:\windows\WinSxS\amd64_microsoft.windows.common-controls_6595b64144ccf1df_6.0.7601.18837_none_fa3b1e3d17594757\COMCTL32.dll
0x000007fefe870000 - 0x000007fefe8e1000 	C:\windows\system32\SHLWAPI.dll
0x0000000077530000 - 0x0000000077537000 	C:\windows\system32\psapi.dll
0x000007fefed60000 - 0x000007fefed8e000 	C:\windows\system32\IMM32.DLL
0x000007feff040000 - 0x000007feff149000 	C:\windows\system32\MSCTF.dll
0x0000000070fe0000 - 0x00000000710b2000 	C:\Program Files\Java\jre7\bin\msvcr100.dll
0x0000000054c50000 - 0x0000000055425000 	C:\Program Files\Java\jre7\bin\server\jvm.dll
0x000007fef79b0000 - 0x000007fef79b9000 	C:\windows\system32\WSOCK32.dll
0x000007fefe8f0000 - 0x000007fefe93d000 	C:\windows\system32\WS2_32.dll
0x000007fefead0000 - 0x000007fefead8000 	C:\windows\system32\NSI.dll
0x000007fefb320000 - 0x000007fefb35b000 	C:\windows\system32\WINMM.dll
0x0000000070fd0000 - 0x0000000070fdf000 	C:\Program Files\Java\jre7\bin\verify.dll
0x0000000070fa0000 - 0x0000000070fc8000 	C:\Program Files\Java\jre7\bin\java.dll
0x0000000070f80000 - 0x0000000070f95000 	C:\Program Files\Java\jre7\bin\zip.dll
0x000000006c600000 - 0x000000006c795000 	C:\Program Files\Java\jre7\bin\awt.dll
0x000007fefe280000 - 0x000007fefe357000 	C:\windows\system32\OLEAUT32.dll
0x000007fefeae0000 - 0x000007fefece3000 	C:\windows\system32\ole32.dll
0x000007fefab30000 - 0x000007fefab86000 	C:\windows\system32\uxtheme.dll
0x000007fefa720000 - 0x000007fefa738000 	C:\windows\system32\dwmapi.dll
0x000007fefcfb0000 - 0x000007fefcfbf000 	C:\windows\system32\CRYPTBASE.dll
0x000007fefc950000 - 0x000007fefc967000 	C:\windows\system32\CRYPTSP.dll
0x000007fefc650000 - 0x000007fefc697000 	C:\windows\system32\rsaenh.dll
0x000007fefd3d0000 - 0x000007fefd3ee000 	C:\windows\system32\USERENV.dll
0x000007fefd110000 - 0x000007fefd11f000 	C:\windows\system32\profapi.dll
0x0000000070f60000 - 0x0000000070f7a000 	C:\Program Files\Java\jre7\bin\net.dll
0x000007fefc8f0000 - 0x000007fefc945000 	C:\windows\system32\mswsock.dll
0x000007fefc8e0000 - 0x000007fefc8e7000 	C:\windows\System32\wship6.dll
0x000007fefa350000 - 0x000007fefa377000 	C:\windows\system32\IPHLPAPI.DLL
0x000007fefa2f0000 - 0x000007fefa2fb000 	C:\windows\system32\WINNSI.DLL
0x000007fefa0e0000 - 0x000007fefa0f1000 	C:\windows\system32\dhcpcsvc6.DLL
0x000007fefa0c0000 - 0x000007fefa0d8000 	C:\windows\system32\dhcpcsvc.DLL
0x0000000070f40000 - 0x0000000070f51000 	C:\Program Files\Java\jre7\bin\nio.dll
0x000007fefc2c0000 - 0x000007fefc2c7000 	C:\windows\System32\wshtcpip.dll
0x000007fefc770000 - 0x000007fefc7cb000 	C:\windows\system32\DNSAPI.dll
0x000007fef7950000 - 0x000007fef7958000 	C:\windows\system32\rasadhlp.dll
0x000007fefa160000 - 0x000007fefa1b3000 	C:\windows\System32\fwpuclnt.dll
0x000007fefd4d0000 - 0x000007fefe25a000 	C:\windows\system32\SHELL32.dll
0x000000005fcc0000 - 0x000000005fd07000 	C:\Program Files\Java\jre7\bin\fontmanager.dll
0x0000000058250000 - 0x0000000058291000 	C:\Program Files\Java\jre7\bin\t2k.dll
0x000007fefea30000 - 0x000007fefeac9000 	C:\windows\system32\CLBCatQ.DLL
0x000007fefae80000 - 0x000007fefafe1000 	C:\windows\system32\WindowsCodecs.dll
0x000007fefcf50000 - 0x000007fefcfa7000 	C:\windows\system32\apphelp.dll
0x000007feee3d0000 - 0x000007feee60b000 	C:\PROGRA~1\MICROS~2\Office15\GROOVEEX.DLL
0x0000000064f00000 - 0x0000000064f98000 	C:\windows\system32\MSVCP100.dll
0x0000000064ed0000 - 0x0000000064efb000 	C:\windows\system32\ATL100.DLL
0x000007fef9820000 - 0x000007fef9b3e000 	C:\windows\system32\msi.dll
0x000007feed8c0000 - 0x000007feedef9000 	C:\PROGRA~1\MICROS~2\Office15\1033\GrooveIntlResource.dll
0x000007feed780000 - 0x000007feed8b4000 	C:\Program Files (x86)\115\115com\Shell_x64.dll
0x000007fef2950000 - 0x000007fef2979000 	C:\Program Files (x86)\Baofeng\StormPlayer\BFDesktopShell64.dll
0x000007fef24b0000 - 0x000007fef24e5000 	C:\windows\system32\EhStorShell.dll
0x000007feff150000 - 0x000007feff327000 	C:\windows\system32\SETUPAPI.dll
0x000007fefd490000 - 0x000007fefd4c6000 	C:\windows\system32\CFGMGR32.dll
0x000007fefd1a0000 - 0x000007fefd1ba000 	C:\windows\system32\DEVOBJ.dll
0x000007fefbc90000 - 0x000007fefbdbc000 	C:\windows\system32\PROPSYS.dll
0x000007feed110000 - 0x000007feed77e000 	C:\PROGRA~1\MICROS~2\Office14\GROOVEEX.DLL
0x0000000073be0000 - 0x0000000073c7d000 	C:\windows\WinSxS\amd64_microsoft.vc90.crt_1fc8b3b9a1e18e3b_9.0.30729.4940_none_08e4299fa83d7e3c\MSVCR90.dll
0x0000000073c80000 - 0x0000000073d53000 	C:\windows\WinSxS\amd64_microsoft.vc90.crt_1fc8b3b9a1e18e3b_9.0.30729.4940_none_08e4299fa83d7e3c\MSVCP90.dll
0x0000000064aa0000 - 0x0000000064acf000 	C:\windows\WinSxS\amd64_microsoft.vc90.atl_1fc8b3b9a1e18e3b_9.0.30729.4148_none_0a1d2fcba76b3f00\ATL90.DLL
0x000007feeccf0000 - 0x000007feed10a000 	C:\PROGRA~1\COMMON~1\MICROS~1\OFFICE14\Cultures\office.odf
0x000007feec480000 - 0x000007feecce5000 	C:\PROGRA~1\MICROS~2\Office14\1033\GrooveIntlResource.dll
0x000007fef7b30000 - 0x000007fef7bd0000 	C:\windows\WinSxS\amd64_microsoft.windows.common-controls_6595b64144ccf1df_5.82.7601.18837_none_a4d981ff711297b6\comctl32.dll
0x000007fefc020000 - 0x000007fefc04d000 	C:\windows\system32\ntmarta.dll
0x000007fefe400000 - 0x000007fefe452000 	C:\windows\system32\WLDAP32.dll
0x000007fefb5e0000 - 0x000007fefb5eb000 	C:\windows\system32\slc.dll
0x000007fef7b10000 - 0x000007fef7b28000 	C:\windows\system32\MPR.dll
0x0000000073980000 - 0x0000000073992000 	C:\windows\system32\snacnp.dll
0x000007fef8cf0000 - 0x000007fef8cfa000 	C:\windows\System32\drprov.dll
0x000007fefc480000 - 0x000007fefc4bd000 	C:\windows\System32\WINSTA.dll
0x000007fef4100000 - 0x000007fef4122000 	C:\windows\System32\ntlanman.dll
0x000007fef3e70000 - 0x000007fef3e8e000 	C:\windows\System32\davclnt.dll
0x000007fef80a0000 - 0x000007fef80aa000 	C:\windows\System32\DAVHLPR.dll
0x0000000060890000 - 0x00000000608ad000 	C:\Program Files\Citrix\MetaFrame Password Manager\SSOCredMgr\SSOCredMgr.dll
0x000007fefb820000 - 0x000007fefb835000 	C:\windows\system32\wkscli.dll
0x000007fef6d70000 - 0x000007fef6d7f000 	C:\windows\system32\cscapi.dll
0x000007fefc580000 - 0x000007fefc58c000 	C:\windows\system32\netutils.dll
0x000007fefd160000 - 0x000007fefd19a000 	C:\windows\system32\WINTRUST.dll
0x000007fefd1d0000 - 0x000007fefd33c000 	C:\windows\system32\CRYPT32.dll
0x000007fefd120000 - 0x000007fefd12f000 	C:\windows\system32\MSASN1.dll
0x000007fef2470000 - 0x000007fef247c000 	C:\windows\system32\LINKINFO.dll
0x000007fef50d0000 - 0x000007fef51f5000 	C:\windows\system32\dbghelp.dll

VM Arguments:
jvm_args: -Dfile.encoding=GBK 
java_command: com.xn.alex.data.window.Main
Launcher Type: SUN_STANDARD

Environment Variables:
JAVA_HOME=C:\Java\jdk1.7.0_79
CLASSPATH=.;C:\Java\jdk1.7.0_79\lib;C:\Java\jdk1.7.0_79\lib\tools.jar
PATH=C:\ProgramNew\cygwin64\bin;C:\Program Files (x86)\Intel\iCLS Client\;C:\Program Files\Intel\iCLS Client\;C:\Sybase\DataAccess\ADONET\dll;C:\Sybase\DataAccess\OLEDB\dll;C:\Sybase\DataAccess\ODBC\dll;C:\Sybase\Shared\Sybase Central 4.3;C:\Sybase\OCS-15_0\lib3p;C:\Sybase\OCS-15_0\dll;C:\Sybase\OCS-15_0\bin;C:\Program Files (x86)\Common Files\NetSarang;C:\Program Files (x86)\NVIDIA Corporation\PhysX\Common;C:\windows\system32;C:\windows;C:\windows\System32\Wbem;C:\windows\System32\WindowsPowerShell\v1.0\;C:\windows\system32;C:\windows;C:\windows\System32\Wbem;C:\Program Files (x86)\SQL11\DLL;C:\Program Files (x86)\SQL11\BIN;C:\Sybase\DBISQL\bin;C:\Java\jdk1.7.0_79\bin;C:\Java\jdk1.7.0_79\jre\bin;C:\Program Files (x86)\Git\cmd;C:\software\apache-maven-3.2.3\bin;C:\windows\system32;C:\windows;C:\windows\System32\Wbem;C:\Program Files (x86)\SQL11\DLL;C:\Program Files (x86)\SQL11\BIN;C:\Program Files\Intel\WiFi\bin\;C:\Program Files\Common Files\Intel\WirelessCommon\;C:\Program Files\Intel\Intel(R) Management Engine Components\DAL;C:\Program Files\Intel\Intel(R) Management Engine Components\IPT;C:\Program Files (x86)\Intel\Intel(R) Management Engine Components\DAL;C:\Program Files (x86)\Intel\Intel(R) Management Engine Components\IPT;C:\ProgramNew\mysql-5.6.24-win32\bin
USERNAME=EKOOPPT
OS=Windows_NT
PROCESSOR_IDENTIFIER=Intel64 Family 6 Model 69 Stepping 1, GenuineIntel



---------------  S Y S T E M  ---------------

OS: Windows 7 , 64 bit Build 7601 Service Pack 1

CPU:total 4 (2 cores per cpu, 2 threads per core) family 6 model 69 stepping 1, cmov, cx8, fxsr, mmx, sse, sse2, sse3, ssse3, sse4.1, sse4.2, popcnt, avx, avx2, aes, erms, ht, tsc, tscinvbit

Memory: 4k page, physical 8266808k(1957576k free), swap 16531760k(9807020k free)

vm_info: Java HotSpot(TM) 64-Bit Server VM (24.79-b02) for windows-amd64 JRE (1.7.0_79-b15), built on Apr 10 2015 12:36:16 by "java_re" with unknown MS VC++:1600

time: Tue Dec 08 17:14:34 2015
elapsed time: 43 seconds

